<?xml version="1.0" encoding="UTF-8"?>
<!-- Generated by org.testng.reporters.JUnitXMLReporter -->
<testsuite ignored="0" hostname="DESKTOP-V7BM6IG" failures="1" tests="14" name="Test" time="187.316" errors="0" timestamp="2024-02-10T16:08:50 IST">
  <testcase classname="testCases.QA_LegendTestCases" name="loginCRM" time="1.322"/>
  <testcase classname="testCases.QA_LegendTestCases" name="logoutCRM" time="0.577"/>
  <testcase classname="testCases.QA_LegendTestCases" name="login_Negative_Scnrios" time="4.392"/>
  <testcase classname="testCases.QA_LegendTestCases" name="login_Negative_Scnrios" time="4.529"/>
  <testcase classname="testCases.QA_LegendTestCases" name="login_Negative_Scnrios" time="5.084"/>
  <testcase classname="testCases.QA_LegendTestCases" name="addEvent" time="5.135">
    <failure type="java.lang.AssertionError" message="expected [&amp;quot;https://qalegend.com/crm/index.php/events&amp;quot;] but found [https://qalegend.com/crm/index.php/events]">
      <![CDATA[java.lang.AssertionError: expected ["https://qalegend.com/crm/index.php/events"] but found [https://qalegend.com/crm/index.php/events]
at testCases.QA_LegendTestCases.addEvent(QA_LegendTestCases.java:161)
at java.base/java.util.ArrayList.forEach(ArrayList.java:1511)
... Removed 33 stack frames]]>
    </failure>
  </testcase> <!-- addEvent -->
  <testcase classname="testCases.QA_LegendTestCases" name="addEventByQuickIcon" time="2.115"/>
  <testcase classname="testCases.QA_LegendTestCases" name="add_Notes" time="10.219"/>
  <testcase classname="testCases.QA_LegendTestCases" name="addNoteusingQuickIcon" time="11.22"/>
  <testcase classname="testCases.QA_LegendTestCases" name="message_ComposeandSend" time="7.285"/>
  <testcase classname="testCases.QA_LegendTestCases" name="add_Client" time="5.549"/>
  <testcase classname="testCases.QA_LegendTestCases" name="add_Item" time="5.315"/>
  <testcase classname="testCases.QA_LegendTestCases" name="add_Announcements" time="5.386"/>
  <testcase classname="testCases.QA_LegendTestCases" name="applyAndAssignLeave" time="4.478"/>
</testsuite> <!-- Test -->
