<?xml version="1.0" encoding="UTF-8"?>
<!-- Generated by org.testng.reporters.JUnitXMLReporter -->
<testsuite ignored="7" hostname="DESKTOP-V7BM6IG" failures="0" tests="1" name="Test" time="10.179" errors="0" timestamp="2024-02-05T22:52:19 IST">
  <testcase classname="testCases.QA_LegendTestCases" name="add_Item" time="3.515"/>
  <testcase classname="testCases.QA_LegendTestCases" name="loginScnrios" time="0.0">
    <ignored/>
  </testcase> <!-- loginScnrios -->
  <testcase classname="testCases.QA_LegendTestCases" name="message_ComposeandSend" time="0.0">
    <ignored/>
  </testcase> <!-- message_ComposeandSend -->
  <testcase classname="testCases.QA_LegendTestCases" name="add_Client" time="0.0">
    <ignored/>
  </testcase> <!-- add_Client -->
  <testcase classname="testCases.QA_LegendTestCases" name="add_Notes" time="0.0">
    <ignored/>
  </testcase> <!-- add_Notes -->
  <testcase classname="testCases.QA_LegendTestCases" name="addEvent" time="0.0">
    <ignored/>
  </testcase> <!-- addEvent -->
  <testcase classname="testCases.QA_LegendTestCases" name="logoutCRM" time="0.0">
    <ignored/>
  </testcase> <!-- logoutCRM -->
  <testcase classname="testCases.QA_LegendTestCases" name="loginCRM" time="0.0">
    <ignored/>
  </testcase> <!-- loginCRM -->
</testsuite> <!-- Test -->
