<?xml version="1.0" encoding="UTF-8"?>
<!-- Generated by org.testng.reporters.JUnitXMLReporter -->
<testsuite ignored="0" hostname="DESKTOP-V7BM6IG" failures="2" tests="14" name="Test" time="261.62" errors="0" timestamp="2024-02-12T18:35:59 IST">
  <testcase classname="testCases.QA_LegendTestCases" name="loginCRM" time="2.663"/>
  <testcase classname="testCases.QA_LegendTestCases" name="logoutCRM" time="0.739"/>
  <testcase classname="testCases.QA_LegendTestCases" name="login_Negative_Scnrios" time="5.223"/>
  <testcase classname="testCases.QA_LegendTestCases" name="login_Negative_Scnrios" time="9.877"/>
  <testcase classname="testCases.QA_LegendTestCases" name="login_Negative_Scnrios" time="5.116"/>
  <testcase classname="testCases.QA_LegendTestCases" name="addEvent" time="5.611">
    <failure type="java.lang.AssertionError" message="expected [&amp;quot;https://qalegend.com/crm/index.php/events&amp;quot;] but found [https://qalegend.com/crm/index.php/events]">
      <![CDATA[java.lang.AssertionError: expected ["https://qalegend.com/crm/index.php/events"] but found [https://qalegend.com/crm/index.php/events]
at testCases.QA_LegendTestCases.addEvent(QA_LegendTestCases.java:161)
at java.base/java.util.ArrayList.forEach(ArrayList.java:1511)
... Removed 37 stack frames]]>
    </failure>
  </testcase> <!-- addEvent -->
  <testcase classname="testCases.QA_LegendTestCases" name="addEventByQuickIcon" time="2.194"/>
  <testcase classname="testCases.QA_LegendTestCases" name="add_Notes" time="13.591">
    <failure type="java.lang.AssertionError" message="expected [Note Title A3800] but found [A new Title]">
      <![CDATA[java.lang.AssertionError: expected [Note Title A3800] but found [A new Title]
at testCases.QA_LegendTestCases.add_Notes(QA_LegendTestCases.java:199)
at java.base/java.util.ArrayList.forEach(ArrayList.java:1511)
... Removed 37 stack frames]]>
    </failure>
  </testcase> <!-- add_Notes -->
  <testcase classname="testCases.QA_LegendTestCases" name="addNoteusingQuickIcon" time="10.846"/>
  <testcase classname="testCases.QA_LegendTestCases" name="message_ComposeandSend" time="6.822"/>
  <testcase classname="testCases.QA_LegendTestCases" name="add_Client" time="6.213"/>
  <testcase classname="testCases.QA_LegendTestCases" name="add_Item" time="5.432"/>
  <testcase classname="testCases.QA_LegendTestCases" name="add_Announcements" time="12.664"/>
  <testcase classname="testCases.QA_LegendTestCases" name="applyAndAssignLeave" time="4.591"/>
</testsuite> <!-- Test -->
