<?xml version="1.0" encoding="UTF-8"?>
<testng-results ignored="11" total="12" passed="1" failed="0" skipped="0">
  <reporter-output>
  </reporter-output>
  <suite started-at="2024-02-13T22:29:37 IST" name="Suite" finished-at="2024-02-13T22:29:52 IST" duration-ms="15349">
    <groups>
    </groups>
    <test started-at="2024-02-13T22:29:37 IST" name="Test" finished-at="2024-02-13T22:29:52 IST" duration-ms="15349">
      <class name="testCases.QA_LegendTestCases">
        <test-method is-config="true" signature="initialization(java.lang.String)[pri:0, instance:testCases.QA_LegendTestCases@10163d6]" started-at="2024-02-13T22:29:37 IST" name="initialization" finished-at="2024-02-13T22:29:46 IST" duration-ms="9345" status="PASS">
          <params>
            <param index="0">
              <value>
                <![CDATA[Chrome]]>
              </value>
            </param>
          </params>
          <reporter-output>
          </reporter-output>
        </test-method> <!-- initialization -->
        <test-method signature="add_Announcements()[pri:11, instance:testCases.QA_LegendTestCases@10163d6]" started-at="2024-02-13T22:29:46 IST" name="add_Announcements" finished-at="2024-02-13T22:29:52 IST" duration-ms="5779" status="PASS">
          <reporter-output>
          </reporter-output>
        </test-method> <!-- add_Announcements -->
        <test-method is-config="true" signature="tearDown()[pri:0, instance:testCases.QA_LegendTestCases@10163d6]" started-at="2024-02-13T22:29:52 IST" name="tearDown" finished-at="2024-02-13T22:29:52 IST" duration-ms="183" status="PASS">
          <reporter-output>
          </reporter-output>
        </test-method> <!-- tearDown -->
      </class> <!-- testCases.QA_LegendTestCases -->
    </test> <!-- Test -->
  </suite> <!-- Suite -->
</testng-results>
